# JRE version: Java(TM) SE Runtime Environment (8.0_101-b13) (build 1.8.0_101-b13)
# Java VM: Java HotSpot(TM) 64-Bit Server VM (25.101-b13 mixed mode windows-amd64 compressed oops)
Heap:
 PSYoungGen      total 18944K, used 7584K [0x00000000eb380000, 0x00000000ec880000, 0x0000000100000000)
  eden space 16384K, 35% used [0x00000000eb380000,0x00000000eb940918,0x00000000ec380000)
  from space 2560K, 66% used [0x00000000ec600000,0x00000000ec7a78b0,0x00000000ec880000)
  to   space 2560K, 0% used [0x00000000ec380000,0x00000000ec380000,0x00000000ec600000)
 ParOldGen       total 44032K, used 2200K [0x00000000c1a00000, 0x00000000c4500000, 0x00000000eb380000)
  object space 44032K, 4% used [0x00000000c1a00000,0x00000000c1c26318,0x00000000c4500000)
 Metaspace       used 7135K, capacity 7254K, committed 7424K, reserved 1056768K
  class space    used 676K, capacity 728K, committed 768K, reserved 1048576K
GC Heap History (8 events):
Event: 4.538 GC heap before
{Heap before GC invocations=1 (full 0):
 PSYoungGen      total 18944K, used 14826K [0x00000000eb380000, 0x00000000ec880000, 0x0000000100000000)
  eden space 16384K, 90% used [0x00000000eb380000,0x00000000ec1faaf0,0x00000000ec380000)
  from space 2560K, 0% used [0x00000000ec600000,0x00000000ec600000,0x00000000ec880000)
  to   space 2560K, 0% used [0x00000000ec380000,0x00000000ec380000,0x00000000ec600000)
 ParOldGen       total 44032K, used 0K [0x00000000c1a00000, 0x00000000c4500000, 0x00000000eb380000)
  object space 44032K, 0% used [0x00000000c1a00000,0x00000000c1a00000,0x00000000c4500000)
 Metaspace       used 5663K, capacity 6614K, committed 6784K, reserved 1056768K
  class space    used 529K, capacity 560K, committed 640K, reserved 1048576K
Event: 4.541 GC heap after
Heap after GC invocations=1 (full 0):
 PSYoungGen      total 18944K, used 2559K [0x00000000eb380000, 0x00000000ec880000, 0x0000000100000000)
  eden space 16384K, 0% used [0x00000000eb380000,0x00000000eb380000,0x00000000ec380000)
  from space 2560K, 99% used [0x00000000ec380000,0x00000000ec5ffd88,0x00000000ec600000)
  to   space 2560K, 0% used [0x00000000ec600000,0x00000000ec600000,0x00000000ec880000)
 ParOldGen       total 44032K, used 877K [0x00000000c1a00000, 0x00000000c4500000, 0x00000000eb380000)
  object space 44032K, 1% used [0x00000000c1a00000,0x00000000c1adb4e8,0x00000000c4500000)
 Metaspace       used 5663K, capacity 6614K, committed 6784K, reserved 1056768K
  class space    used 529K, capacity 560K, committed 640K, reserved 1048576K
}
Event: 16.257 GC heap before
{Heap before GC invocations=2 (full 0):
 PSYoungGen      total 18944K, used 17840K [0x00000000eb380000, 0x00000000ec880000, 0x0000000100000000)
  eden space 16384K, 93% used [0x00000000eb380000,0x00000000ec26c3d8,0x00000000ec380000)
  from space 2560K, 99% used [0x00000000ec380000,0x00000000ec5ffd88,0x00000000ec600000)
  to   space 2560K, 0% used [0x00000000ec600000,0x00000000ec600000,0x00000000ec880000)
 ParOldGen       total 44032K, used 877K [0x00000000c1a00000, 0x00000000c4500000, 0x00000000eb380000)
  object space 44032K, 1% used [0x00000000c1a00000,0x00000000c1adb4e8,0x00000000c4500000)
 Metaspace       used 7070K, capacity 7254K, committed 7424K, reserved 1056768K
  class space    used 676K, capacity 728K, committed 768K, reserved 1048576K
Event: 16.260 GC heap after
Heap after GC invocations=2 (full 0):
 PSYoungGen      total 18944K, used 2528K [0x00000000eb380000, 0x00000000ec880000, 0x0000000100000000)
  eden space 16384K, 0% used [0x00000000eb380000,0x00000000eb380000,0x00000000ec380000)
  from space 2560K, 98% used [0x00000000ec600000,0x00000000ec878010,0x00000000ec880000)
  to   space 2560K, 0% used [0x00000000ec380000,0x00000000ec380000,0x00000000ec600000)
 ParOldGen       total 44032K, used 2192K [0x00000000c1a00000, 0x00000000c4500000, 0x00000000eb380000)
  object space 44032K, 4% used [0x00000000c1a00000,0x00000000c1c24318,0x00000000c4500000)
 Metaspace       used 7070K, capacity 7254K, committed 7424K, reserved 1056768K
  class space    used 676K, capacity 728K, committed 768K, reserved 1048576K
}
Event: 42.396 GC heap before
{Heap before GC invocations=3 (full 0):
 PSYoungGen      total 18944K, used 18738K [0x00000000eb380000, 0x00000000ec880000, 0x0000000100000000)
  eden space 16384K, 98% used [0x00000000eb380000,0x00000000ec354a20,0x00000000ec380000)
  from space 2560K, 98% used [0x00000000ec600000,0x00000000ec878010,0x00000000ec880000)
  to   space 2560K, 0% used [0x00000000ec380000,0x00000000ec380000,0x00000000ec600000)
 ParOldGen       total 44032K, used 2192K [0x00000000c1a00000, 0x00000000c4500000, 0x00000000eb380000)
  object space 44032K, 4% used [0x00000000c1a00000,0x00000000c1c24318,0x00000000c4500000)
 Metaspace       used 7124K, capacity 7254K, committed 7424K, reserved 1056768K
  class space    used 676K, capacity 728K, committed 768K, reserved 1048576K
Event: 42.399 GC heap after
Heap after GC invocations=3 (full 0):
 PSYoungGen      total 18944K, used 686K [0x00000000eb380000, 0x00000000ec880000, 0x0000000100000000)
  eden space 16384K, 0% used [0x00000000eb380000,0x00000000eb380000,0x00000000ec380000)
  from space 2560K, 26% used [0x00000000ec380000,0x00000000ec42b8b0,0x00000000ec600000)
  to   space 2560K, 0% used [0x00000000ec600000,0x00000000ec600000,0x00000000ec880000)
 ParOldGen       total 44032K, used 2200K [0x00000000c1a00000, 0x00000000c4500000, 0x00000000eb380000)
  object space 44032K, 4% used [0x00000000c1a00000,0x00000000c1c26318,0x00000000c4500000)
 Metaspace       used 7124K, capacity 7254K, committed 7424K, reserved 1056768K
  class space    used 676K, capacity 728K, committed 768K, reserved 1048576K
}
Event: 63.831 GC heap before
{Heap before GC invocations=4 (full 0):
 PSYoungGen      total 18944K, used 15289K [0x00000000eb380000, 0x00000000ec880000, 0x0000000100000000)
  eden space 16384K, 89% used [0x00000000eb380000,0x00000000ec1c2ee8,0x00000000ec380000)
  from space 2560K, 26% used [0x00000000ec380000,0x00000000ec42b8b0,0x00000000ec600000)
  to   space 2560K, 0% used [0x00000000ec600000,0x00000000ec600000,0x00000000ec880000)
 ParOldGen       total 44032K, used 2200K [0x00000000c1a00000, 0x00000000c4500000, 0x00000000eb380000)
  object space 44032K, 4% used [0x00000000c1a00000,0x00000000c1c26318,0x00000000c4500000)
 Metaspace       used 7135K, capacity 7254K, committed 7424K, reserved 1056768K
  class space    used 676K, capacity 728K, committed 768K, reserved 1048576K
Event: 63.833 GC heap after
Heap after GC invocations=4 (full 0):
 PSYoungGen      total 18944K, used 1694K [0x00000000eb380000, 0x00000000ec880000, 0x0000000100000000)
  eden space 16384K, 0% used [0x00000000eb380000,0x00000000eb380000,0x00000000ec380000)
  from space 2560K, 66% used [0x00000000ec600000,0x00000000ec7a78b0,0x00000000ec880000)
  to   space 2560K, 0% used [0x00000000ec380000,0x00000000ec380000,0x00000000ec600000)
 ParOldGen       total 44032K, used 2200K [0x00000000c1a00000, 0x00000000c4500000, 0x00000000eb380000)
  object space 44032K, 4% used [0x00000000c1a00000,0x00000000c1c26318,0x00000000c4500000)
 Metaspace       used 7135K, capacity 7254K, committed 7424K, reserved 1056768K
  class space    used 676K, capacity 728K, committed 768K, reserved 1048576K
}

