# JRE version: Java(TM) SE Runtime Environment (8.0_101-b13) (build 1.8.0_101-b13)
# Java VM: Java HotSpot(TM) 64-Bit Server VM (25.101-b13 mixed mode windows-amd64 compressed oops)
Heap:
 PSYoungGen      total 18944K, used 2031K [0x00000000eb380000, 0x00000000ec880000, 0x0000000100000000)
  eden space 16384K, 7% used [0x00000000eb380000,0x00000000eb4b8430,0x00000000ec380000)
  from space 2560K, 30% used [0x00000000ec600000,0x00000000ec6c38c0,0x00000000ec880000)
  to   space 2560K, 0% used [0x00000000ec380000,0x00000000ec380000,0x00000000ec600000)
 ParOldGen       total 44032K, used 1699K [0x00000000c1a00000, 0x00000000c4500000, 0x00000000eb380000)
  object space 44032K, 3% used [0x00000000c1a00000,0x00000000c1ba8fb8,0x00000000c4500000)
 Metaspace       used 7128K, capacity 7254K, committed 7424K, reserved 1056768K
  class space    used 676K, capacity 728K, committed 768K, reserved 1048576K
GC Heap History (8 events):
Event: 6.557 GC heap before
{Heap before GC invocations=1 (full 0):
 PSYoungGen      total 18944K, used 15610K [0x00000000eb380000, 0x00000000ec880000, 0x0000000100000000)
  eden space 16384K, 95% used [0x00000000eb380000,0x00000000ec2beb58,0x00000000ec380000)
  from space 2560K, 0% used [0x00000000ec600000,0x00000000ec600000,0x00000000ec880000)
  to   space 2560K, 0% used [0x00000000ec380000,0x00000000ec380000,0x00000000ec600000)
 ParOldGen       total 44032K, used 0K [0x00000000c1a00000, 0x00000000c4500000, 0x00000000eb380000)
  object space 44032K, 0% used [0x00000000c1a00000,0x00000000c1a00000,0x00000000c4500000)
 Metaspace       used 5684K, capacity 6614K, committed 6784K, reserved 1056768K
  class space    used 529K, capacity 560K, committed 640K, reserved 1048576K
Event: 6.560 GC heap after
Heap after GC invocations=1 (full 0):
 PSYoungGen      total 18944K, used 2559K [0x00000000eb380000, 0x00000000ec880000, 0x0000000100000000)
  eden space 16384K, 0% used [0x00000000eb380000,0x00000000eb380000,0x00000000ec380000)
  from space 2560K, 99% used [0x00000000ec380000,0x00000000ec5ffc50,0x00000000ec600000)
  to   space 2560K, 0% used [0x00000000ec600000,0x00000000ec600000,0x00000000ec880000)
 ParOldGen       total 44032K, used 430K [0x00000000c1a00000, 0x00000000c4500000, 0x00000000eb380000)
  object space 44032K, 0% used [0x00000000c1a00000,0x00000000c1a6ba58,0x00000000c4500000)
 Metaspace       used 5684K, capacity 6614K, committed 6784K, reserved 1056768K
  class space    used 529K, capacity 560K, committed 640K, reserved 1048576K
}
Event: 15.581 GC heap before
{Heap before GC invocations=2 (full 0):
 PSYoungGen      total 18944K, used 18566K [0x00000000eb380000, 0x00000000ec880000, 0x0000000100000000)
  eden space 16384K, 97% used [0x00000000eb380000,0x00000000ec321d98,0x00000000ec380000)
  from space 2560K, 99% used [0x00000000ec380000,0x00000000ec5ffc50,0x00000000ec600000)
  to   space 2560K, 0% used [0x00000000ec600000,0x00000000ec600000,0x00000000ec880000)
 ParOldGen       total 44032K, used 430K [0x00000000c1a00000, 0x00000000c4500000, 0x00000000eb380000)
  object space 44032K, 0% used [0x00000000c1a00000,0x00000000c1a6ba58,0x00000000c4500000)
 Metaspace       used 7072K, capacity 7254K, committed 7424K, reserved 1056768K
  class space    used 676K, capacity 728K, committed 768K, reserved 1048576K
Event: 15.584 GC heap after
Heap after GC invocations=2 (full 0):
 PSYoungGen      total 18944K, used 2542K [0x00000000eb380000, 0x00000000ec880000, 0x0000000100000000)
  eden space 16384K, 0% used [0x00000000eb380000,0x00000000eb380000,0x00000000ec380000)
  from space 2560K, 99% used [0x00000000ec600000,0x00000000ec87b8c0,0x00000000ec880000)
  to   space 2560K, 0% used [0x00000000ec380000,0x00000000ec380000,0x00000000ec600000)
 ParOldGen       total 44032K, used 1683K [0x00000000c1a00000, 0x00000000c4500000, 0x00000000eb380000)
  object space 44032K, 3% used [0x00000000c1a00000,0x00000000c1ba4fb8,0x00000000c4500000)
 Metaspace       used 7072K, capacity 7254K, committed 7424K, reserved 1056768K
  class space    used 676K, capacity 728K, committed 768K, reserved 1048576K
}
Event: 31.415 GC heap before
{Heap before GC invocations=3 (full 0):
 PSYoungGen      total 18944K, used 18622K [0x00000000eb380000, 0x00000000ec880000, 0x0000000100000000)
  eden space 16384K, 98% used [0x00000000eb380000,0x00000000ec334028,0x00000000ec380000)
  from space 2560K, 99% used [0x00000000ec600000,0x00000000ec87b8c0,0x00000000ec880000)
  to   space 2560K, 0% used [0x00000000ec380000,0x00000000ec380000,0x00000000ec600000)
 ParOldGen       total 44032K, used 1683K [0x00000000c1a00000, 0x00000000c4500000, 0x00000000eb380000)
  object space 44032K, 3% used [0x00000000c1a00000,0x00000000c1ba4fb8,0x00000000c4500000)
 Metaspace       used 7110K, capacity 7254K, committed 7424K, reserved 1056768K
  class space    used 676K, capacity 728K, committed 768K, reserved 1048576K
Event: 31.417 GC heap after
Heap after GC invocations=3 (full 0):
 PSYoungGen      total 18944K, used 1134K [0x00000000eb380000, 0x00000000ec880000, 0x0000000100000000)
  eden space 16384K, 0% used [0x00000000eb380000,0x00000000eb380000,0x00000000ec380000)
  from space 2560K, 44% used [0x00000000ec380000,0x00000000ec49b8c0,0x00000000ec600000)
  to   space 2560K, 0% used [0x00000000ec600000,0x00000000ec600000,0x00000000ec880000)
 ParOldGen       total 44032K, used 1691K [0x00000000c1a00000, 0x00000000c4500000, 0x00000000eb380000)
  object space 44032K, 3% used [0x00000000c1a00000,0x00000000c1ba6fb8,0x00000000c4500000)
 Metaspace       used 7110K, capacity 7254K, committed 7424K, reserved 1056768K
  class space    used 676K, capacity 728K, committed 768K, reserved 1048576K
}
Event: 46.831 GC heap before
{Heap before GC invocations=4 (full 0):
 PSYoungGen      total 18944K, used 17518K [0x00000000eb380000, 0x00000000ec880000, 0x0000000100000000)
  eden space 16384K, 100% used [0x00000000eb380000,0x00000000ec380000,0x00000000ec380000)
  from space 2560K, 44% used [0x00000000ec380000,0x00000000ec49b8c0,0x00000000ec600000)
  to   space 2560K, 0% used [0x00000000ec600000,0x00000000ec600000,0x00000000ec880000)
 ParOldGen       total 44032K, used 1691K [0x00000000c1a00000, 0x00000000c4500000, 0x00000000eb380000)
  object space 44032K, 3% used [0x00000000c1a00000,0x00000000c1ba6fb8,0x00000000c4500000)
 Metaspace       used 7128K, capacity 7254K, committed 7424K, reserved 1056768K
  class space    used 676K, capacity 728K, committed 768K, reserved 1048576K
Event: 46.833 GC heap after
Heap after GC invocations=4 (full 0):
 PSYoungGen      total 18944K, used 782K [0x00000000eb380000, 0x00000000ec880000, 0x0000000100000000)
  eden space 16384K, 0% used [0x00000000eb380000,0x00000000eb380000,0x00000000ec380000)
  from space 2560K, 30% used [0x00000000ec600000,0x00000000ec6c38c0,0x00000000ec880000)
  to   space 2560K, 0% used [0x00000000ec380000,0x00000000ec380000,0x00000000ec600000)
 ParOldGen       total 44032K, used 1699K [0x00000000c1a00000, 0x00000000c4500000, 0x00000000eb380000)
  object space 44032K, 3% used [0x00000000c1a00000,0x00000000c1ba8fb8,0x00000000c4500000)
 Metaspace       used 7128K, capacity 7254K, committed 7424K, reserved 1056768K
  class space    used 676K, capacity 728K, committed 768K, reserved 1048576K
}

